e:\github\avangard\x64\debug\uic\ui_avangard.h
e:\github\avangard\x64\debug\uic\ui_clientexecwindow.h
e:\github\avangard\x64\debug\uic\ui_loginwindow.h
e:\github\avangard\x64\debug\uic\ui_regwindow.h
e:\github\avangard\x64\debug\rcc\qrc_avangard.cpp
e:\github\avangard\x64\debug\moc\moc_avangard.cpp
e:\github\avangard\x64\debug\moc\moc_regwindow.cpp
e:\github\avangard\x64\debug\moc\moc_clientexecwindow.cpp
e:\github\avangard\x64\debug\moc\moc_loginwindow.cpp
e:\github\avangard\x64\debug\uic\ui_profile.h
e:\github\avangard\x64\debug\moc\moc_profile.cpp
e:\github\avangard\x64\debug\uic\ui_createaccount.h
e:\github\avangard\x64\debug\moc\moc_createaccount.cpp
e:\github\avangard\x64\debug\moc_clientexecwindow.obj
e:\github\avangard\x64\debug\moc_loginwindow.obj
e:\github\avangard\x64\debug\moc_profile.obj
e:\github\avangard\x64\debug\qrc_avangard.obj
e:\github\avangard\x64\debug\moc_regwindow.obj
e:\github\avangard\x64\debug\moc_avangard.obj
e:\github\avangard\x64\debug\avangard.obj
e:\github\avangard\x64\debug\clientexecwindow.obj
e:\github\avangard\x64\debug\main.obj
e:\github\avangard\x64\debug\regwindow.obj
e:\github\avangard\x64\debug\loginwindow.obj
e:\github\avangard\x64\debug\profile.obj
e:\github\avangard\x64\debug\vc142.pdb
e:\github\avangard\x64\debug\checkusersdata.obj
e:\github\avangard\x64\debug\createaccount.obj
e:\github\avangard\x64\debug\moc_createaccount.obj
e:\github\avangard\x64\debug\avangard.exe
e:\github\avangard\x64\debug\avangard.ilk
e:\github\avangard\x64\debug\avangard.pdb
e:\github\avangard\x64\debug\avangard.tlog\avangard.write.1u.tlog
e:\github\avangard\x64\debug\avangard.tlog\cl.command.1.tlog
e:\github\avangard\x64\debug\avangard.tlog\cl.read.1.tlog
e:\github\avangard\x64\debug\avangard.tlog\cl.write.1.tlog
e:\github\avangard\x64\debug\avangard.tlog\link.command.1.tlog
e:\github\avangard\x64\debug\avangard.tlog\link.read.1.tlog
e:\github\avangard\x64\debug\avangard.tlog\link.write.1.tlog
e:\github\avangard\x64\debug\avangard.tlog\moc.read.1u.tlog
e:\github\avangard\x64\debug\avangard.tlog\moc.write.1u.tlog
e:\github\avangard\x64\debug\avangard.tlog\rcc.read.1u.tlog
e:\github\avangard\x64\debug\avangard.tlog\rcc.write.1u.tlog
e:\github\avangard\x64\debug\avangard.tlog\uic.read.1u.tlog
e:\github\avangard\x64\debug\avangard.tlog\uic.write.1u.tlog
